<?xml version="1.0" encoding="UTF-8"?>
<!-- Generated by org.testng.reporters.JUnitReportReporter -->
<testsuite skipped="0" hostname="san-PC" name="com.base.LaunchApp" tests="1" failures="0" timestamp="16 Aug 2020 15:03:53 GMT" time="13.178" errors="0">
  <testcase name="launchAmazonApp" time="13.178" classname="com.base.LaunchApp"/>
</testsuite> <!-- com.base.LaunchApp -->
