<?xml version="1.0" encoding="UTF-8"?>
<!-- Generated by org.testng.reporters.JUnitReportReporter -->
<testsuite skipped="0" hostname="san-PC" name="com.base.LoginTest" tests="1" failures="0" timestamp="16 Aug 2020 17:10:45 GMT" time="97.438" errors="0">
  <testcase name="login" time="97.438" classname="com.base.LoginTest"/>
</testsuite> <!-- com.base.LoginTest -->
