<?xml version="1.0" encoding="UTF-8"?>
<!-- Generated by org.testng.reporters.JUnitReportReporter -->
<testsuite skipped="0" hostname="san-PC" name="com.testcases.HomePageTest" tests="1" failures="0" timestamp="07 Sep 2020 09:12:07 GMT" time="58.747" errors="0">
  <testcase name="addNewAddressTest" time="58.747" classname="com.testcases.HomePageTest"/>
</testsuite> <!-- com.testcases.HomePageTest -->
